CRITICAL - 2024-03-29 13:31:40 --> CodeIgniter\View\Exceptions\ViewException: Invalid file: "welcome_message.php"
in SYSTEMPATH\Exceptions\FrameworkException.php on line 39.
 1 SYSTEMPATH\View\View.php(216): CodeIgniter\Exceptions\FrameworkException::forInvalidFile('welcome_message.php')
 2 SYSTEMPATH\Common.php(1178): CodeIgniter\View\View->render('welcome_message', [], true)
 3 APPPATH\Controllers\Home.php(11): view('welcome_message', [...])
 4 SYSTEMPATH\CodeIgniter.php(941): App\Controllers\Home->index()
 5 SYSTEMPATH\CodeIgniter.php(502): CodeIgniter\CodeIgniter->runController(Object(App\Controllers\Home))
 6 SYSTEMPATH\CodeIgniter.php(361): CodeIgniter\CodeIgniter->handleRequest(null, Object(Config\Cache), false)
 7 FCPATH\index.php(79): CodeIgniter\CodeIgniter->run()
CRITICAL - 2024-03-29 13:32:23 --> ErrorException: Undefined variable: header
in APPPATH\Views\home.php on line 1.
 1 APPPATH\Views\home.php(1): CodeIgniter\Debug\Exceptions->errorHandler(8, 'Undefined variable: header', 'C:\\laragon\\www\\selloscelaya\\app\\Views\\home.php', 1, [])
 2 SYSTEMPATH\View\View.php(228): include('C:\\laragon\\www\\selloscelaya\\app\\Views\\home.php')
 3 SYSTEMPATH\View\View.php(231): CodeIgniter\View\View->CodeIgniter\View\{closure}()
 4 SYSTEMPATH\Common.php(1178): CodeIgniter\View\View->render('home', [], true)
 5 APPPATH\Controllers\Home.php(9): view('home')
 6 SYSTEMPATH\CodeIgniter.php(941): App\Controllers\Home->index()
 7 SYSTEMPATH\CodeIgniter.php(502): CodeIgniter\CodeIgniter->runController(Object(App\Controllers\Home))
 8 SYSTEMPATH\CodeIgniter.php(361): CodeIgniter\CodeIgniter->handleRequest(null, Object(Config\Cache), false)
 9 FCPATH\index.php(79): CodeIgniter\CodeIgniter->run()
CRITICAL - 2024-03-29 13:33:22 --> Error: Call to undefined method CodeIgniter\View\View::extends()
in APPPATH\Views\home.php on line 1.
 1 SYSTEMPATH\View\View.php(228): include()
 2 SYSTEMPATH\View\View.php(231): CodeIgniter\View\View->CodeIgniter\View\{closure}()
 3 SYSTEMPATH\Common.php(1178): CodeIgniter\View\View->render('home', [], true)
 4 APPPATH\Controllers\Home.php(9): view('home')
 5 SYSTEMPATH\CodeIgniter.php(941): App\Controllers\Home->index()
 6 SYSTEMPATH\CodeIgniter.php(502): CodeIgniter\CodeIgniter->runController(Object(App\Controllers\Home))
 7 SYSTEMPATH\CodeIgniter.php(361): CodeIgniter\CodeIgniter->handleRequest(null, Object(Config\Cache), false)
 8 FCPATH\index.php(79): CodeIgniter\CodeIgniter->run()
CRITICAL - 2024-03-29 13:35:13 --> Error: Call to undefined method CodeIgniter\View\View::extends()
in APPPATH\Views\home.php on line 1.
 1 SYSTEMPATH\View\View.php(228): include()
 2 SYSTEMPATH\View\View.php(231): CodeIgniter\View\View->CodeIgniter\View\{closure}()
 3 SYSTEMPATH\Common.php(1178): CodeIgniter\View\View->render('home', [], true)
 4 APPPATH\Controllers\Home.php(9): view('home')
 5 SYSTEMPATH\CodeIgniter.php(941): App\Controllers\Home->index()
 6 SYSTEMPATH\CodeIgniter.php(502): CodeIgniter\CodeIgniter->runController(Object(App\Controllers\Home))
 7 SYSTEMPATH\CodeIgniter.php(361): CodeIgniter\CodeIgniter->handleRequest(null, Object(Config\Cache), false)
 8 FCPATH\index.php(79): CodeIgniter\CodeIgniter->run()
CRITICAL - 2024-03-29 13:35:48 --> Error: Call to undefined method CodeIgniter\View\View::extends()
in APPPATH\Views\home.php on line 1.
 1 SYSTEMPATH\View\View.php(228): include()
 2 SYSTEMPATH\View\View.php(231): CodeIgniter\View\View->CodeIgniter\View\{closure}()
 3 SYSTEMPATH\Common.php(1178): CodeIgniter\View\View->render('home', [], true)
 4 APPPATH\Controllers\Home.php(9): view('home')
 5 SYSTEMPATH\CodeIgniter.php(941): App\Controllers\Home->index()
 6 SYSTEMPATH\CodeIgniter.php(502): CodeIgniter\CodeIgniter->runController(Object(App\Controllers\Home))
 7 SYSTEMPATH\CodeIgniter.php(361): CodeIgniter\CodeIgniter->handleRequest(null, Object(Config\Cache), false)
 8 FCPATH\index.php(79): CodeIgniter\CodeIgniter->run()
CRITICAL - 2024-03-29 13:41:38 --> Error: Call to undefined method CodeIgniter\View\View::extends()
in APPPATH\Views\home.php on line 1.
 1 SYSTEMPATH\View\View.php(228): include()
 2 SYSTEMPATH\View\View.php(231): CodeIgniter\View\View->CodeIgniter\View\{closure}()
 3 SYSTEMPATH\Common.php(1178): CodeIgniter\View\View->render('home', [], true)
 4 APPPATH\Controllers\Home.php(9): view('home')
 5 SYSTEMPATH\CodeIgniter.php(941): App\Controllers\Home->index()
 6 SYSTEMPATH\CodeIgniter.php(502): CodeIgniter\CodeIgniter->runController(Object(App\Controllers\Home))
 7 SYSTEMPATH\CodeIgniter.php(361): CodeIgniter\CodeIgniter->handleRequest(null, Object(Config\Cache), false)
 8 FCPATH\index.php(79): CodeIgniter\CodeIgniter->run()
CRITICAL - 2024-03-29 13:43:34 --> Error: Call to undefined method CodeIgniter\View\View::extends()
in APPPATH\Views\home.php on line 1.
 1 SYSTEMPATH\View\View.php(228): include()
 2 SYSTEMPATH\View\View.php(231): CodeIgniter\View\View->CodeIgniter\View\{closure}()
 3 SYSTEMPATH\Common.php(1178): CodeIgniter\View\View->render('home', [], true)
 4 APPPATH\Controllers\Home.php(9): view('home')
 5 SYSTEMPATH\CodeIgniter.php(941): App\Controllers\Home->index()
 6 SYSTEMPATH\CodeIgniter.php(502): CodeIgniter\CodeIgniter->runController(Object(App\Controllers\Home))
 7 SYSTEMPATH\CodeIgniter.php(361): CodeIgniter\CodeIgniter->handleRequest(null, Object(Config\Cache), false)
 8 FCPATH\index.php(79): CodeIgniter\CodeIgniter->run()
CRITICAL - 2024-03-29 13:45:52 --> Error: Call to undefined method CodeIgniter\View\View::extends()
in APPPATH\Views\home.php on line 1.
 1 SYSTEMPATH\View\View.php(228): include()
 2 SYSTEMPATH\View\View.php(231): CodeIgniter\View\View->CodeIgniter\View\{closure}()
 3 SYSTEMPATH\Common.php(1178): CodeIgniter\View\View->render('home', [], true)
 4 APPPATH\Controllers\Home.php(9): view('home')
 5 SYSTEMPATH\CodeIgniter.php(941): App\Controllers\Home->index()
 6 SYSTEMPATH\CodeIgniter.php(502): CodeIgniter\CodeIgniter->runController(Object(App\Controllers\Home))
 7 SYSTEMPATH\CodeIgniter.php(361): CodeIgniter\CodeIgniter->handleRequest(null, Object(Config\Cache), false)
 8 FCPATH\index.php(79): CodeIgniter\CodeIgniter->run()
CRITICAL - 2024-03-29 13:46:13 --> Error: Call to undefined method CodeIgniter\View\View::extends()
in APPPATH\Views\home.php on line 1.
 1 SYSTEMPATH\View\View.php(228): include()
 2 SYSTEMPATH\View\View.php(231): CodeIgniter\View\View->CodeIgniter\View\{closure}()
 3 SYSTEMPATH\Common.php(1178): CodeIgniter\View\View->render('home', [], true)
 4 APPPATH\Controllers\Home.php(9): view('home')
 5 SYSTEMPATH\CodeIgniter.php(941): App\Controllers\Home->index()
 6 SYSTEMPATH\CodeIgniter.php(502): CodeIgniter\CodeIgniter->runController(Object(App\Controllers\Home))
 7 SYSTEMPATH\CodeIgniter.php(361): CodeIgniter\CodeIgniter->handleRequest(null, Object(Config\Cache), false)
 8 FCPATH\index.php(79): CodeIgniter\CodeIgniter->run()
CRITICAL - 2024-03-29 13:46:29 --> ParseError: syntax error, unexpected 'extends' (T_EXTENDS)
in APPPATH\Views\home.php on line 1.
 1 SYSTEMPATH\View\View.php(231): CodeIgniter\View\View->CodeIgniter\View\{closure}()
 2 SYSTEMPATH\Common.php(1178): CodeIgniter\View\View->render('home', [], true)
 3 APPPATH\Controllers\Home.php(9): view('home')
 4 SYSTEMPATH\CodeIgniter.php(941): App\Controllers\Home->index()
 5 SYSTEMPATH\CodeIgniter.php(502): CodeIgniter\CodeIgniter->runController(Object(App\Controllers\Home))
 6 SYSTEMPATH\CodeIgniter.php(361): CodeIgniter\CodeIgniter->handleRequest(null, Object(Config\Cache), false)
 7 FCPATH\index.php(79): CodeIgniter\CodeIgniter->run()
CRITICAL - 2024-03-29 13:49:05 --> ParseError: syntax error, unexpected 'extends' (T_EXTENDS)
in APPPATH\Views\home.php on line 1.
 1 SYSTEMPATH\View\View.php(231): CodeIgniter\View\View->CodeIgniter\View\{closure}()
 2 SYSTEMPATH\Common.php(1178): CodeIgniter\View\View->render('home', [], true)
 3 APPPATH\Controllers\Home.php(9): view('home')
 4 SYSTEMPATH\CodeIgniter.php(941): App\Controllers\Home->index()
 5 SYSTEMPATH\CodeIgniter.php(502): CodeIgniter\CodeIgniter->runController(Object(App\Controllers\Home))
 6 SYSTEMPATH\CodeIgniter.php(361): CodeIgniter\CodeIgniter->handleRequest(null, Object(Config\Cache), false)
 7 FCPATH\index.php(79): CodeIgniter\CodeIgniter->run()
CRITICAL - 2024-03-29 13:49:15 --> ParseError: syntax error, unexpected 'extends' (T_EXTENDS)
in APPPATH\Views\home.php on line 1.
 1 SYSTEMPATH\View\View.php(231): CodeIgniter\View\View->CodeIgniter\View\{closure}()
 2 SYSTEMPATH\Common.php(1178): CodeIgniter\View\View->render('home', [], true)
 3 APPPATH\Controllers\Home.php(9): view('home')
 4 SYSTEMPATH\CodeIgniter.php(941): App\Controllers\Home->index()
 5 SYSTEMPATH\CodeIgniter.php(502): CodeIgniter\CodeIgniter->runController(Object(App\Controllers\Home))
 6 SYSTEMPATH\CodeIgniter.php(361): CodeIgniter\CodeIgniter->handleRequest(null, Object(Config\Cache), false)
 7 FCPATH\index.php(79): CodeIgniter\CodeIgniter->run()
CRITICAL - 2024-03-29 13:52:19 --> CodeIgniter\View\Exceptions\ViewException: Invalid file: "header.php"
in SYSTEMPATH\Exceptions\FrameworkException.php on line 39.
 1 SYSTEMPATH\View\View.php(216): CodeIgniter\Exceptions\FrameworkException::forInvalidFile('header.php')
 2 SYSTEMPATH\Common.php(1178): CodeIgniter\View\View->render('header', [], true)
 3 APPPATH\Controllers\Home.php(22): view('header')
 4 SYSTEMPATH\CodeIgniter.php(941): App\Controllers\Home->madera()
 5 SYSTEMPATH\CodeIgniter.php(502): CodeIgniter\CodeIgniter->runController(Object(App\Controllers\Home))
 6 SYSTEMPATH\CodeIgniter.php(361): CodeIgniter\CodeIgniter->handleRequest(null, Object(Config\Cache), false)
 7 FCPATH\index.php(79): CodeIgniter\CodeIgniter->run()
CRITICAL - 2024-03-29 13:52:42 --> CodeIgniter\View\Exceptions\ViewException: Invalid file: "header.php"
in SYSTEMPATH\Exceptions\FrameworkException.php on line 39.
 1 SYSTEMPATH\View\View.php(216): CodeIgniter\Exceptions\FrameworkException::forInvalidFile('header.php')
 2 SYSTEMPATH\Common.php(1178): CodeIgniter\View\View->render('header', [], true)
 3 APPPATH\Controllers\Home.php(20): view('header')
 4 SYSTEMPATH\CodeIgniter.php(941): App\Controllers\Home->madera()
 5 SYSTEMPATH\CodeIgniter.php(502): CodeIgniter\CodeIgniter->runController(Object(App\Controllers\Home))
 6 SYSTEMPATH\CodeIgniter.php(361): CodeIgniter\CodeIgniter->handleRequest(null, Object(Config\Cache), false)
 7 FCPATH\index.php(79): CodeIgniter\CodeIgniter->run()
CRITICAL - 2024-03-29 13:53:08 --> CodeIgniter\View\Exceptions\ViewException: Invalid file: "header.php"
in SYSTEMPATH\Exceptions\FrameworkException.php on line 39.
 1 SYSTEMPATH\View\View.php(216): CodeIgniter\Exceptions\FrameworkException::forInvalidFile('header.php')
 2 SYSTEMPATH\Common.php(1178): CodeIgniter\View\View->render('header', [], true)
 3 APPPATH\Controllers\Home.php(20): view('header')
 4 SYSTEMPATH\CodeIgniter.php(941): App\Controllers\Home->madera()
 5 SYSTEMPATH\CodeIgniter.php(502): CodeIgniter\CodeIgniter->runController(Object(App\Controllers\Home))
 6 SYSTEMPATH\CodeIgniter.php(361): CodeIgniter\CodeIgniter->handleRequest(null, Object(Config\Cache), false)
 7 FCPATH\index.php(79): CodeIgniter\CodeIgniter->run()
CRITICAL - 2024-03-29 13:53:24 --> ErrorException: Undefined variable: header
in APPPATH\Views\madera.php on line 1.
 1 APPPATH\Views\madera.php(1): CodeIgniter\Debug\Exceptions->errorHandler(8, 'Undefined variable: header', 'C:\\laragon\\www\\selloscelaya\\app\\Views\\madera.php', 1, [])
 2 SYSTEMPATH\View\View.php(228): include('C:\\laragon\\www\\selloscelaya\\app\\Views\\madera.php')
 3 SYSTEMPATH\View\View.php(231): CodeIgniter\View\View->CodeIgniter\View\{closure}()
 4 SYSTEMPATH\Common.php(1178): CodeIgniter\View\View->render('madera', [], true)
 5 APPPATH\Controllers\Home.php(20): view('madera')
 6 SYSTEMPATH\CodeIgniter.php(941): App\Controllers\Home->madera()
 7 SYSTEMPATH\CodeIgniter.php(502): CodeIgniter\CodeIgniter->runController(Object(App\Controllers\Home))
 8 SYSTEMPATH\CodeIgniter.php(361): CodeIgniter\CodeIgniter->handleRequest(null, Object(Config\Cache), false)
 9 FCPATH\index.php(79): CodeIgniter\CodeIgniter->run()
CRITICAL - 2024-03-29 13:54:01 --> ErrorException: Undefined variable: footer
in APPPATH\Views\madera.php on line 116.
 1 APPPATH\Views\madera.php(116): CodeIgniter\Debug\Exceptions->errorHandler(8, 'Undefined variable: footer', 'C:\\laragon\\www\\selloscelaya\\app\\Views\\madera.php', 116, [])
 2 SYSTEMPATH\View\View.php(228): include('C:\\laragon\\www\\selloscelaya\\app\\Views\\madera.php')
 3 SYSTEMPATH\View\View.php(231): CodeIgniter\View\View->CodeIgniter\View\{closure}()
 4 SYSTEMPATH\Common.php(1178): CodeIgniter\View\View->render('madera', [], true)
 5 APPPATH\Controllers\Home.php(20): view('madera')
 6 SYSTEMPATH\CodeIgniter.php(941): App\Controllers\Home->madera()
 7 SYSTEMPATH\CodeIgniter.php(502): CodeIgniter\CodeIgniter->runController(Object(App\Controllers\Home))
 8 SYSTEMPATH\CodeIgniter.php(361): CodeIgniter\CodeIgniter->handleRequest(null, Object(Config\Cache), false)
 9 FCPATH\index.php(79): CodeIgniter\CodeIgniter->run()
CRITICAL - 2024-03-29 13:54:29 --> RuntimeException: View themes, no current section.
in SYSTEMPATH\View\View.php on line 425.
 1 APPPATH\Views\madera.php(116): CodeIgniter\View\View->endSection()
 2 SYSTEMPATH\View\View.php(228): include('C:\\laragon\\www\\selloscelaya\\app\\Views\\madera.php')
 3 SYSTEMPATH\View\View.php(231): CodeIgniter\View\View->CodeIgniter\View\{closure}()
 4 SYSTEMPATH\Common.php(1178): CodeIgniter\View\View->render('madera', [], true)
 5 APPPATH\Controllers\Home.php(20): view('madera')
 6 SYSTEMPATH\CodeIgniter.php(941): App\Controllers\Home->madera()
 7 SYSTEMPATH\CodeIgniter.php(502): CodeIgniter\CodeIgniter->runController(Object(App\Controllers\Home))
 8 SYSTEMPATH\CodeIgniter.php(361): CodeIgniter\CodeIgniter->handleRequest(null, Object(Config\Cache), false)
 9 FCPATH\index.php(79): CodeIgniter\CodeIgniter->run()
